<?xml version="1.0" encoding="UTF-8"?>
<!-- Generated by org.testng.reporters.JUnitXMLReporter -->
<testsuite ignored="3" hostname="Dharshan_jm" failures="0" tests="1" name="Default test" time="0.054" errors="0" timestamp="2024-08-29T12:21:54 IST">
  <testcase classname="project_demo.Demo1Test" name="demo1Test" time="0.01"/>
  <testcase classname="project_demo.Demo1Test" name="demo4Test" time="0.0">
    <ignored/>
  </testcase> <!-- demo4Test -->
  <testcase classname="project_demo.Demo1Test" name="demo2Test" time="0.0">
    <ignored/>
  </testcase> <!-- demo2Test -->
  <testcase classname="project_demo.Demo1Test" name="demo3Test" time="0.0">
    <ignored/>
  </testcase> <!-- demo3Test -->
</testsuite> <!-- Default test -->
