<?xml version="1.0" encoding="UTF-8"?>
<testng-results ignored="0" total="1" passed="1" failed="0" skipped="0">
  <reporter-output>
  </reporter-output>
  <suite started-at="2024-08-29T12:21:54 IST" name="Default suite" finished-at="2024-08-29T12:21:54 IST" duration-ms="54">
    <groups>
    </groups>
    <test started-at="2024-08-29T12:21:54 IST" name="Default test" finished-at="2024-08-29T12:21:54 IST" duration-ms="54">
      <class name="project_demo.Demo1Test">
        <test-method signature="demo1Test()[pri:0, instance:project_demo.Demo1Test@17f62e33]" started-at="2024-08-29T12:21:54 IST" name="demo1Test" finished-at="2024-08-29T12:21:54 IST" duration-ms="10" status="PASS">
          <reporter-output>
          </reporter-output>
        </test-method> <!-- demo1Test -->
      </class> <!-- project_demo.Demo1Test -->
    </test> <!-- Default test -->
  </suite> <!-- Default suite -->
</testng-results>
