<?xml version="1.0" encoding="UTF-8"?>
<testng-results ignored="0" total="1" passed="1" failed="0" skipped="0">
  <reporter-output>
  </reporter-output>
  <suite started-at="2024-08-27T18:11:22 IST" name="Default suite" finished-at="2024-08-27T18:11:22 IST" duration-ms="41">
    <groups>
    </groups>
    <test started-at="2024-08-27T18:11:22 IST" name="Default test" finished-at="2024-08-27T18:11:22 IST" duration-ms="41">
      <class name="project_demo.Demo1Test">
        <test-method is-config="true" signature="configBS()[pri:0, instance:project_demo.Demo1Test@cecf639]" started-at="2024-08-27T18:11:22 IST" name="configBS" finished-at="2024-08-27T18:11:22 IST" duration-ms="11" status="PASS">
          <reporter-output>
          </reporter-output>
        </test-method> <!-- configBS -->
        <test-method is-config="true" signature="configBM()[pri:0, instance:project_demo.Demo1Test@cecf639]" started-at="2024-08-27T18:11:22 IST" name="configBM" finished-at="2024-08-27T18:11:22 IST" duration-ms="1" status="PASS">
          <reporter-output>
          </reporter-output>
        </test-method> <!-- configBM -->
        <test-method signature="demo1Test()[pri:0, instance:project_demo.Demo1Test@cecf639]" started-at="2024-08-27T18:11:22 IST" name="demo1Test" finished-at="2024-08-27T18:11:22 IST" duration-ms="5" status="PASS">
          <reporter-output>
          </reporter-output>
        </test-method> <!-- demo1Test -->
        <test-method is-config="true" signature="configAM()[pri:0, instance:project_demo.Demo1Test@cecf639]" started-at="2024-08-27T18:11:22 IST" name="configAM" finished-at="2024-08-27T18:11:22 IST" duration-ms="0" status="PASS">
          <reporter-output>
          </reporter-output>
        </test-method> <!-- configAM -->
        <test-method is-config="true" signature="configAS()[pri:0, instance:project_demo.Demo1Test@cecf639]" started-at="2024-08-27T18:11:22 IST" name="configAS" finished-at="2024-08-27T18:11:22 IST" duration-ms="0" status="PASS">
          <reporter-output>
          </reporter-output>
        </test-method> <!-- configAS -->
      </class> <!-- project_demo.Demo1Test -->
    </test> <!-- Default test -->
  </suite> <!-- Default suite -->
</testng-results>
