<?xml version="1.0" encoding="UTF-8"?>
<!-- Generated by org.testng.reporters.JUnitXMLReporter -->
<testsuite ignored="2" hostname="Dharshan_jm" failures="0" tests="6" name="Test" time="0.071" errors="0" timestamp="2024-08-27T15:05:13 IST">
  <testcase classname="project_demo.DemoTest" name="demo1Test" time="0.008"/>
  <testcase classname="project_demo.DemoTest" name="demo2Test" time="0.002"/>
  <testcase classname="project_demo.DemoTest" name="demo3Test" time="0.002"/>
  <testcase classname="project_demo.Demo1Test" name="demo1Test" time="0.002"/>
  <testcase classname="project_demo.Demo1Test" name="demo2Test" time="0.001"/>
  <testcase classname="project_demo.Demo1Test" name="demo3Test" time="0.002"/>
  <testcase classname="Base_Repository.BaseClass" name="@AfterSuite configAS" time="0.0">
    <ignored/>
  </testcase> <!-- @AfterSuite configAS -->
  <testcase classname="Base_Repository.BaseClass" name="@BeforeSuite configBS" time="0.0">
    <ignored/>
  </testcase> <!-- @BeforeSuite configBS -->
</testsuite> <!-- Test -->
